Performing C SOURCE FILE Test CMAKE_HAVE_LIBC_PTHREAD failed with the following output:
Change Dir: /home/catmulti7/ClothFolder/src/build/CMakeFiles/CMakeTmp

Run Build Command(s):/usr/bin/make cmTC_29582/fast && /usr/bin/make  -f CMakeFiles/cmTC_29582.dir/build.make CMakeFiles/cmTC_29582.dir/build
make[1]: 进入目录“/home/catmulti7/ClothFolder/src/build/CMakeFiles/CMakeTmp”
Building C object CMakeFiles/cmTC_29582.dir/src.c.o
/usr/bin/cc   -DCMAKE_HAVE_LIBC_PTHREAD -o CMakeFiles/cmTC_29582.dir/src.c.o -c /home/catmulti7/ClothFolder/src/build/CMakeFiles/CMakeTmp/src.c
Linking C executable cmTC_29582
/usr/bin/cmake -E cmake_link_script CMakeFiles/cmTC_29582.dir/link.txt --verbose=1
/usr/bin/cc  -DCMAKE_HAVE_LIBC_PTHREAD -rdynamic CMakeFiles/cmTC_29582.dir/src.c.o -o cmTC_29582 
CMakeFiles/cmTC_29582.dir/src.c.o：在函数‘main’中：
src.c:(.text+0x3e)：对‘pthread_create’未定义的引用
src.c:(.text+0x4a)：对‘pthread_detach’未定义的引用
src.c:(.text+0x56)：对‘pthread_cancel’未定义的引用
src.c:(.text+0x67)：对‘pthread_join’未定义的引用
src.c:(.text+0x7b)：对‘pthread_atfork’未定义的引用
collect2: error: ld returned 1 exit status
CMakeFiles/cmTC_29582.dir/build.make:105: recipe for target 'cmTC_29582' failed
make[1]: *** [cmTC_29582] Error 1
make[1]: 离开目录“/home/catmulti7/ClothFolder/src/build/CMakeFiles/CMakeTmp”
Makefile:140: recipe for target 'cmTC_29582/fast' failed
make: *** [cmTC_29582/fast] Error 2


Source file was:
#include <pthread.h>

void* test_func(void* data)
{
  return data;
}

int main(void)
{
  pthread_t thread;
  pthread_create(&thread, NULL, test_func, NULL);
  pthread_detach(thread);
  pthread_cancel(thread);
  pthread_join(thread, NULL);
  pthread_atfork(NULL, NULL, NULL);
  pthread_exit(NULL);

  return 0;
}

Determining if the function pthread_create exists in the pthreads failed with the following output:
Change Dir: /home/catmulti7/ClothFolder/src/build/CMakeFiles/CMakeTmp

Run Build Command(s):/usr/bin/make cmTC_05f9a/fast && /usr/bin/make  -f CMakeFiles/cmTC_05f9a.dir/build.make CMakeFiles/cmTC_05f9a.dir/build
make[1]: 进入目录“/home/catmulti7/ClothFolder/src/build/CMakeFiles/CMakeTmp”
Building C object CMakeFiles/cmTC_05f9a.dir/CheckFunctionExists.c.o
/usr/bin/cc   -DCHECK_FUNCTION_EXISTS=pthread_create -o CMakeFiles/cmTC_05f9a.dir/CheckFunctionExists.c.o -c /usr/share/cmake-3.18/Modules/CheckFunctionExists.c
Linking C executable cmTC_05f9a
/usr/bin/cmake -E cmake_link_script CMakeFiles/cmTC_05f9a.dir/link.txt --verbose=1
/usr/bin/cc  -DCHECK_FUNCTION_EXISTS=pthread_create -rdynamic CMakeFiles/cmTC_05f9a.dir/CheckFunctionExists.c.o -o cmTC_05f9a  -lpthreads 
/usr/bin/ld: 找不到 -lpthreads
collect2: error: ld returned 1 exit status
CMakeFiles/cmTC_05f9a.dir/build.make:105: recipe for target 'cmTC_05f9a' failed
make[1]: *** [cmTC_05f9a] Error 1
make[1]: 离开目录“/home/catmulti7/ClothFolder/src/build/CMakeFiles/CMakeTmp”
Makefile:140: recipe for target 'cmTC_05f9a/fast' failed
make: *** [cmTC_05f9a/fast] Error 2



